<?xml version="1.0" encoding="UTF-8"?>
<!-- Generated by org.testng.reporters.JUnitXMLReporter -->
<testsuite hostname="Shivansh-PC" ignored="0" name="Test" tests="1" failures="1" timestamp="01 Apr 2023 02:07:21 GMT" time="18.126" errors="0">
  <testcase name="verifyRegistration" time="2.264" classname="omayoblog.testcases.DemoToursRegistrationTestCase">
    <failure type="java.lang.AssertionError" message="expected [true] but found [false]">
      <![CDATA[java.lang.AssertionError: expected [true] but found [false]
at omayoblog.testcases.DemoToursRegistrationTestCase.verifyRegistration(DemoToursRegistrationTestCase.java:24)
... Removed 29 stack frames]]>
    </failure>
  </testcase> <!-- verifyRegistration -->
</testsuite> <!-- Test -->
